============================= test session starts =============================
platform win32 -- Python 3.13.0, pytest-9.0.1, pluggy-1.6.0
baseurl: http://127.0.0.1:8766
rootdir: D:\SourceCode\REPOS\github.io\ads_spec_mobile_nativo_kotlin_swift
configfile: pyproject.toml
plugins: anyio-4.11.0, base-url-2.1.0, cov-7.0.0, mock-3.15.1, playwright-0.7.2
collected 124 items

tests\test_assets.py .                                                   [  0%]
tests\test_course_structure.py ........                                  [  7%]
tests\test_fullscreen.py .                                               [  8%]
tests\test_layout.py .......                                             [ 13%]
tests\test_navigation.py ....F                                           [ 17%]
tests\test_quizzes.py ......                                             [ 22%]
tests\test_slides.py ......                                              [ 27%]
tests\test_termynal_copy.py .                                            [ 28%]
tests\test_layout.py .                                                   [ 29%]
tests\test_mermaid_syntax.py ........................................... [ 63%]
..                                                                       [ 65%]
tests\test_quizzes.py .                                                  [ 66%]
tests\test_slides.py .                                                   [ 66%]
tests\test_quizzes.py .                                                  [ 67%]
tests\test_slides.py .                                                   [ 68%]
tests\test_quizzes.py .                                                  [ 69%]
tests\test_slides.py .                                                   [ 70%]
tests\test_quizzes.py .                                                  [ 70%]
tests\test_slides.py .                                                   [ 71%]
tests\test_quizzes.py .                                                  [ 72%]
tests\test_slides.py .                                                   [ 73%]
tests\test_quizzes.py .                                                  [ 74%]
tests\test_slides.py .                                                   [ 75%]
tests\test_quizzes.py .                                                  [ 75%]
tests\test_slides.py .                                                   [ 76%]
tests\test_quizzes.py .                                                  [ 77%]
tests\test_slides.py .                                                   [ 78%]
tests\test_quizzes.py .                                                  [ 79%]
tests\test_slides.py .                                                   [ 79%]
tests\test_quizzes.py .                                                  [ 80%]
tests\test_slides.py .                                                   [ 81%]
tests\test_quizzes.py .                                                  [ 82%]
tests\test_slides.py .                                                   [ 83%]
tests\test_quizzes.py .                                                  [ 83%]
tests\test_slides.py .                                                   [ 84%]
tests\test_quizzes.py .                                                  [ 85%]
tests\test_slides.py .                                                   [ 86%]
tests\test_quizzes.py .                                                  [ 87%]
tests\test_slides.py .                                                   [ 87%]
tests\test_quizzes.py .                                                  [ 88%]
tests\test_slides.py .                                                   [ 89%]
tests\test_site_structure.py ...                                         [ 91%]
tests\test_slide_build.py .....                                          [ 95%]
tests\test_slide_generation.py .....                                     [100%]

================================== FAILURES ===================================
____________ TestNavigation.test_navigation_to_lesson_01[chromium] ____________

self = <test_navigation.TestNavigation object at 0x00000185E2578EF0>
page_with_base_url = <Page url='http://127.0.0.1:8766/aulas/'>
base_url = 'http://127.0.0.1:8766'

    def test_navigation_to_lesson_01(self, page_with_base_url: Page, base_url: str):
        """Verifica se Ú possÝvel navegar para Aula 01"""
        page = page_with_base_url
        page.goto(base_url)
    
        self._ensure_menu_visible(page)
    
        # Navigate Aulas -> M¾dulo 1: Fundamentos -> Aula 01
        # Click Aulas
        page.get_by_role("link", name="Aulas").first.click(force=True)
    
        # Click M¾dulo 1: Fundamentos e UI (using regex for encoding safety)
        page.get_by_text(re.compile(r"M.dulo 1: Fundamentos e UI", re.I)).first.click()
    
        # Click Aula 01
>       page.get_by_role("link", name="Aula 01", exact=True).first.click()

tests\test_navigation.py:75: 
_ _ _ _ _ _ _ _ _ _ _ _ _ _ _ _ _ _ _ _ _ _ _ _ _ _ _ _ _ _ _ _ _ _ _ _ _ _ _ _
C:\Python\Python313\Lib\site-packages\playwright\sync_api\_generated.py:15631: in click
    self._sync(
C:\Python\Python313\Lib\site-packages\playwright\_impl\_locator.py:162: in click
    return await self._frame._click(self._selector, strict=True, **params)
           ^^^^^^^^^^^^^^^^^^^^^^^^^^^^^^^^^^^^^^^^^^^^^^^^^^^^^^^^^^^^^^^
C:\Python\Python313\Lib\site-packages\playwright\_impl\_frame.py:566: in _click
    await self._channel.send("click", self._timeout, locals_to_params(locals()))
C:\Python\Python313\Lib\site-packages\playwright\_impl\_connection.py:69: in send
    return await self._connection.wrap_api_call(
_ _ _ _ _ _ _ _ _ _ _ _ _ _ _ _ _ _ _ _ _ _ _ _ _ _ _ _ _ _ _ _ _ _ _ _ _ _ _ _

self = <playwright._impl._connection.Connection object at 0x00000185E24FDE80>
cb = <function Channel.send.<locals>.<lambda> at 0x00000185E2CF8B80>
is_internal = False, title = None

    async def wrap_api_call(
        self, cb: Callable[[], Any], is_internal: bool = False, title: str = None
    ) -> Any:
        if self._api_zone.get():
            return await cb()
        task = asyncio.current_task(self._loop)
        st: List[inspect.FrameInfo] = getattr(
            task, "__pw_stack__", None
        ) or inspect.stack(0)
    
        parsed_st = _extract_stack_trace_information_from_stack(st, is_internal, title)
        self._api_zone.set(parsed_st)
        try:
            return await cb()
        except Exception as error:
>           raise rewrite_error(error, f"{parsed_st['apiName']}: {error}") from None
E           playwright._impl._errors.TimeoutError: Locator.click: Timeout 30000ms exceeded.
E           Call log:
E             - waiting for get_by_role("link", name="Aula 01", exact=True).first

C:\Python\Python313\Lib\site-packages\playwright\_impl\_connection.py:559: TimeoutError
=========================== short test summary info ===========================
FAILED tests/test_navigation.py::TestNavigation::test_navigation_to_lesson_01[chromium]
================== 1 failed, 123 passed in 234.12s (0:03:54) ==================
